Build started 19.12.2014 23:04:39.
     1>Project "D:\Dropbox\Code\Cpp\CudaTasks\HW2Stable\HW2Stable.vcxproj" on node 2 (Build target(s)).
     1>AddCudaCompileDeps:
         C:\Program Files (x86)\Microsoft Visual Studio 12.0\VC\bin\cl.exe /E /nologo /showIncludes /TP /D__CUDACC__ /DWIN32 /D_DEBUG /D_CONSOLE /D_MBCS /I"C:\Program Files\NVIDIA GPU Computing Toolkit\CUDA\v6.5\include" /I"C:\Program Files\NVIDIA GPU Computing Toolkit\CUDA\v6.5\bin" /I"C:\Program Files\NVIDIA GPU Computing Toolkit\CUDA\v6.5\include" /I. /FIcuda_runtime.h /c D:\Dropbox\Code\Cpp\CudaTasks\HW2Stable\kernel.cu 
       CudaBuild:
         Compiling CUDA source file kernel.cu...
         cmd.exe /C "C:\Users\Алина\AppData\Local\Temp\tmpe81ec64523cc41479b1044705aea0c02.cmd"
         "C:\Program Files\NVIDIA GPU Computing Toolkit\CUDA\v6.5\bin\nvcc.exe" -gencode=arch=compute_20,code=\"sm_20,compute_20\" --use-local-env --cl-version 2013 -ccbin "C:\Program Files (x86)\Microsoft Visual Studio 12.0\VC\bin"  -I"C:\Program Files\NVIDIA GPU Computing Toolkit\CUDA\v6.5\include" -I"C:\Program Files\NVIDIA GPU Computing Toolkit\CUDA\v6.5\include"  -G   --keep-dir Debug -maxrregcount=0  --machine 32 --compile -cudart static  -g   -DWIN32 -D_DEBUG -D_CONSOLE -D_MBCS -Xcompiler "/EHsc /W3 /nologo /Od /Zi /RTC1 /MDd  " -o Debug\kernel.cu.obj "D:\Dropbox\Code\Cpp\CudaTasks\HW2Stable\kernel.cu"
         
         D:\Dropbox\Code\Cpp\CudaTasks\HW2Stable>"C:\Program Files\NVIDIA GPU Computing Toolkit\CUDA\v6.5\bin\nvcc.exe" -gencode=arch=compute_20,code=\"sm_20,compute_20\" --use-local-env --cl-version 2013 -ccbin "C:\Program Files (x86)\Microsoft Visual Studio 12.0\VC\bin"  -I"C:\Program Files\NVIDIA GPU Computing Toolkit\CUDA\v6.5\include" -I"C:\Program Files\NVIDIA GPU Computing Toolkit\CUDA\v6.5\include"  -G   --keep-dir Debug -maxrregcount=0  --machine 32 --compile -cudart static  -g   -DWIN32 -D_DEBUG -D_CONSOLE -D_MBCS -Xcompiler "/EHsc /W3 /nologo /Od /Zi /RTC1 /MDd  " -o Debug\kernel.cu.obj "D:\Dropbox\Code\Cpp\CudaTasks\HW2Stable\kernel.cu" 
     1>d:\dropbox\code\cpp\cudatasks\hw2stable\Complex.h(373): warning : a __host__ function("complex<float>::complex") redeclared with __host__ __device__, hence treated as a __host__ __device__ function
     1>d:\dropbox\code\cpp\cudatasks\hw2stable\Complex.h(378): warning : a __host__ function("complex<double>::complex") redeclared with __host__ __device__, hence treated as a __host__ __device__ function
     1>d:\dropbox\code\cpp\cudatasks\hw2stable\Complex.h(446): warning : a __host__ function("operator*") redeclared with __host__ __device__, hence treated as a __host__ __device__ function
     1>d:\dropbox\code\cpp\cudatasks\hw2stable\Complex.h(526): warning : a __host__ function("operator/") redeclared with __host__ __device__, hence treated as a __host__ __device__ function
     1>d:\dropbox\code\cpp\cudatasks\hw2stable\Complex.h(537): warning : calling a __host__ function from a __host__ __device__ function is not allowed
     1>d:\dropbox\code\cpp\cudatasks\hw2stable\Complex.h(538): warning : calling a __host__ function from a __host__ __device__ function is not allowed
     1>d:\dropbox\code\cpp\cudatasks\hw2stable\Complex.h(541): warning : calling a __host__ function from a __host__ __device__ function is not allowed
     1>d:\dropbox\code\cpp\cudatasks\hw2stable\Complex.h(542): warning : calling a __host__ function from a __host__ __device__ function is not allowed
     1>d:\dropbox\code\cpp\cudatasks\hw2stable\Complex.h(537): warning : calling a __host__ function("scalbn") from a __host__ __device__ function("operator /<float> ") is not allowed
     1>d:\dropbox\code\cpp\cudatasks\hw2stable\Complex.h(538): warning : calling a __host__ function("scalbn") from a __host__ __device__ function("operator /<float> ") is not allowed
     1>d:\dropbox\code\cpp\cudatasks\hw2stable\Complex.h(541) (col. 6) : warning : calling a __host__ function("scalbn") from a __host__ __device__ function("operator /<float> ") is not allowed
     1>d:\dropbox\code\cpp\cudatasks\hw2stable\Complex.h(542) (col. 6) : warning : calling a __host__ function("scalbn") from a __host__ __device__ function("operator /<float> ") is not allowed
         kernel.cu
     1>d:\dropbox\code\cpp\cudatasks\hw2stable\Complex.h(374): warning C4244: 'initializing' : conversion from 'double' to 'float', possible loss of data
     1>D:/Dropbox/Code/Cpp/CudaTasks/HW2Stable/kernel.cu(246): warning C4305: 'argument' : truncation from 'double' to 'float'
     1>d:\dropbox\code\cpp\cudatasks\hw2stable\complex.h(496): warning C4756: overflow in constant arithmetic
     1>d:\dropbox\code\cpp\cudatasks\hw2stable\complex.h(497): warning C4756: overflow in constant arithmetic
     1>d:\dropbox\code\cpp\cudatasks\hw2stable\complex.h(875): warning C4756: overflow in constant arithmetic
     1>d:\dropbox\code\cpp\cudatasks\hw2stable\complex.h(496): warning C4756: overflow in constant arithmetic
     1>d:\dropbox\code\cpp\cudatasks\hw2stable\complex.h(547): warning C4756: overflow in constant arithmetic
     1>d:\dropbox\code\cpp\cudatasks\hw2stable\complex.h(548): warning C4756: overflow in constant arithmetic
     1>d:\dropbox\code\cpp\cudatasks\hw2stable\complex.h(554): warning C4756: overflow in constant arithmetic
     1>d:\dropbox\code\cpp\cudatasks\hw2stable\complex.h(555): warning C4756: overflow in constant arithmetic
       Link:
         C:\Program Files (x86)\Microsoft Visual Studio 12.0\VC\bin\link.exe /ERRORREPORT:PROMPT /OUT:"D:\Dropbox\Code\Cpp\CudaTasks\Debug\HW2Stable.exe" /INCREMENTAL /NOLOGO /LIBPATH:"C:\Program Files\NVIDIA GPU Computing Toolkit\CUDA\v6.5\lib\Win32" cudart.lib kernel32.lib user32.lib gdi32.lib winspool.lib comdlg32.lib advapi32.lib shell32.lib ole32.lib oleaut32.lib uuid.lib odbc32.lib odbccp32.lib kernel32.lib user32.lib gdi32.lib winspool.lib comdlg32.lib advapi32.lib shell32.lib ole32.lib oleaut32.lib uuid.lib odbc32.lib odbccp32.lib /MANIFEST /MANIFESTUAC:"level='asInvoker' uiAccess='false'" /manifest:embed /DEBUG /PDB:"D:\Dropbox\Code\Cpp\CudaTasks\Debug\HW2Stable.pdb" /SUBSYSTEM:CONSOLE /TLBID:1 /DYNAMICBASE /NXCOMPAT /IMPLIB:"D:\Dropbox\Code\Cpp\CudaTasks\Debug\HW2Stable.lib" /MACHINE:X86 Debug\kernel.cu.obj
         HW2Stable.vcxproj -> D:\Dropbox\Code\Cpp\CudaTasks\Debug\HW2Stable.exe
       PostBuildEvent:
         echo copy "C:\Program Files\NVIDIA GPU Computing Toolkit\CUDA\v6.5\bin\cudart*.dll" "D:\Dropbox\Code\Cpp\CudaTasks\Debug\"
         copy "C:\Program Files\NVIDIA GPU Computing Toolkit\CUDA\v6.5\bin\cudart*.dll" "D:\Dropbox\Code\Cpp\CudaTasks\Debug\"
         :VCEnd
         copy "C:\Program Files\NVIDIA GPU Computing Toolkit\CUDA\v6.5\bin\cudart*.dll" "D:\Dropbox\Code\Cpp\CudaTasks\Debug\"
         C:\Program Files\NVIDIA GPU Computing Toolkit\CUDA\v6.5\bin\cudart32_65.dll
         C:\Program Files\NVIDIA GPU Computing Toolkit\CUDA\v6.5\bin\cudart64_65.dll
         Скопировано файлов:         2.
     1>Done Building Project "D:\Dropbox\Code\Cpp\CudaTasks\HW2Stable\HW2Stable.vcxproj" (Build target(s)).

Build succeeded.

Time Elapsed 00:00:07.61
